trunk_V2.4.0/videouploader/build/outputs/logs/manifest-merger-debug-report.txt
-- Merging decision tree log ---
manifest
ADDED from src\main\AndroidManifest.xml:1:1-42:12
INJECTED from src\main\AndroidManifest.xml:1:1-42:12
INJECTED from src\main\AndroidManifest.xml:1:1-42:12
INJECTED from src\main\AndroidManifest.xml:1:1-42:12
INJECTED from src\main\AndroidManifest.xml:1:1-42:12
INJECTED from src\main\AndroidManifest.xml:1:1-42:12
INJECTED from src\main\AndroidManifest.xml:1:1-42:12
	package
		ADDED from src\main\AndroidManifest.xml:2:5-52
		INJECTED from src\main\AndroidManifest.xml
		INJECTED from src\main\AndroidManifest.xml
	android:versionName
		INJECTED from src\main\AndroidManifest.xml
		ADDED from src\main\AndroidManifest.xml:1:1-42:12
		INJECTED from src\main\AndroidManifest.xml
	android:versionCode
		INJECTED from src\main\AndroidManifest.xml
		ADDED from src\main\AndroidManifest.xml:1:1-42:12
		INJECTED from src\main\AndroidManifest.xml
	xmlns:android
		ADDED from src\main\AndroidManifest.xml:1:11-69
uses-permission#android.permission.INTERNET
ADDED from src\main\AndroidManifest.xml:4:5-67
	android:name
		ADDED from src\main\AndroidManifest.xml:4:22-64
uses-permission#android.permission.ACCESS_NETWORK_STATE
ADDED from src\main\AndroidManifest.xml:5:5-79
	android:name
		ADDED from src\main\AndroidManifest.xml:5:22-76
uses-permission#android.permission.ACCESS_WIFI_STATE
ADDED from src\main\AndroidManifest.xml:6:5-76
	android:name
		ADDED from src\main\AndroidManifest.xml:6:22-73
uses-permission#android.permission.WRITE_EXTERNAL_STORAGE
ADDED from src\main\AndroidManifest.xml:7:5-81
	android:name
		ADDED from src\main\AndroidManifest.xml:7:22-78
uses-permission#android.permission.READ_EXTERNAL_STORAGE
ADDED from src\main\AndroidManifest.xml:8:5-80
	android:name
		ADDED from src\main\AndroidManifest.xml:8:22-77
uses-permission#android.permission.SYSTEM_ALERT_WINDOW
ADDED from src\main\AndroidManifest.xml:9:5-78
	android:name
		ADDED from src\main\AndroidManifest.xml:9:22-75
application
ADDED from src\main\AndroidManifest.xml:11:5-41:19
activity#com.tencent.liteav.demo.videouploader.videopublish.TCVideoPublishActivity
ADDED from src\main\AndroidManifest.xml:13:9-15:77
	android:configChanges
		ADDED from src\main\AndroidManifest.xml:15:13-74
	android:name
		ADDED from src\main\AndroidManifest.xml:14:13-64
activity#com.tencent.liteav.demo.videouploader.videopublish.TCCompressActivity
ADDED from src\main\AndroidManifest.xml:17:9-27:20
	android:launchMode
		ADDED from src\main\AndroidManifest.xml:19:13-43
	android:configChanges
		ADDED from src\main\AndroidManifest.xml:20:13-74
	android:name
		ADDED from src\main\AndroidManifest.xml:18:13-60
intent-filter#android.intent.action.MAIN+android.intent.category.DEFAULT+com.tencent.liteav.demo.videocompress
ADDED from src\main\AndroidManifest.xml:21:13-26:29
action#com.tencent.liteav.demo.videocompress
ADDED from src\main\AndroidManifest.xml:22:17-80
	android:name
		ADDED from src\main\AndroidManifest.xml:22:25-77
action#android.intent.action.MAIN
ADDED from src\main\AndroidManifest.xml:23:17-69
	android:name
		ADDED from src\main\AndroidManifest.xml:23:25-66
category#android.intent.category.DEFAULT
ADDED from src\main\AndroidManifest.xml:25:17-76
	android:name
		ADDED from src\main\AndroidManifest.xml:25:27-73
activity#com.tencent.liteav.demo.videouploader.videopublish.pic.TCPicturePublishActivity
ADDED from src\main\AndroidManifest.xml:29:9-31:74
	android:label
		ADDED from src\main\AndroidManifest.xml:31:13-62
	android:name
		ADDED from src\main\AndroidManifest.xml:30:13-70
receiver#com.tencent.liteav.demo.videouploader.videoupload.impl.TVCNetWorkStateReceiver
ADDED from src\main\AndroidManifest.xml:33:9-40:20
	android:name
		ADDED from src\main\AndroidManifest.xml:33:19-75
intent-filter#android.intent.category.DEFAULT+android.net.conn.CONNECTIVITY_CHANGE
ADDED from src\main\AndroidManifest.xml:34:13-39:29
action#android.net.conn.CONNECTIVITY_CHANGE
ADDED from src\main\AndroidManifest.xml:36:17-79
	android:name
		ADDED from src\main\AndroidManifest.xml:36:25-76
uses-sdk
INJECTED from src\main\AndroidManifest.xml reason: use-sdk injection requested
INJECTED from src\main\AndroidManifest.xml
INJECTED from src\main\AndroidManifest.xml
INJECTED from src\main\AndroidManifest.xml
INJECTED from src\main\AndroidManifest.xml
	android:targetSdkVersion
		INJECTED from src\main\AndroidManifest.xml
		ADDED from src\main\AndroidManifest.xml
		INJECTED from src\main\AndroidManifest.xml
	android:minSdkVersion
		INJECTED from src\main\AndroidManifest.xml
		ADDED from src\main\AndroidManifest.xml
		INJECTED from src\main\AndroidManifest.xml